  [1m[35m (442.9ms)[0m  [1m[35mCREATE DATABASE "Stocks_development" ENCODING = 'unicode'[0m
  ↳ /Users/justinhutsell/.rbenv/versions/2.6.1/bin/rake:23
  [1m[35m (280.8ms)[0m  [1m[35mCREATE DATABASE "Stocks_test" ENCODING = 'unicode'[0m
  ↳ /Users/justinhutsell/.rbenv/versions/2.6.1/bin/rake:23
  [1m[35m (67.5ms)[0m  [1m[35mCREATE TABLE "schema_migrations" ("version" character varying NOT NULL PRIMARY KEY)[0m
  ↳ /Users/justinhutsell/.rbenv/versions/2.6.1/bin/rake:23
  [1m[35m (7.8ms)[0m  [1m[35mCREATE TABLE "ar_internal_metadata" ("key" character varying NOT NULL PRIMARY KEY, "value" character varying, "created_at" timestamp NOT NULL, "updated_at" timestamp NOT NULL)[0m
  ↳ /Users/justinhutsell/.rbenv/versions/2.6.1/bin/rake:23
  [1m[35m (7.3ms)[0m  [1m[34mSELECT pg_try_advisory_lock(7011246797279909205)[0m
  ↳ /Users/justinhutsell/.rbenv/versions/2.6.1/bin/rake:23
  [1m[35m (1.4ms)[0m  [1m[34mSELECT "schema_migrations"."version" FROM "schema_migrations" ORDER BY "schema_migrations"."version" ASC[0m
  ↳ /Users/justinhutsell/.rbenv/versions/2.6.1/bin/rake:23
Migrating to CreateStocks (20190729215535)
  [1m[35m (5.5ms)[0m  [1m[35mBEGIN[0m
  ↳ /Users/justinhutsell/.rbenv/versions/2.6.1/bin/rake:23
  [1m[35m (9.6ms)[0m  [1m[35mCREATE TABLE "stocks" ("id" bigserial primary key, "symbol" character varying, "sector" character varying, "company_name" character varying, "exchange" character varying, "industry" character varying, "website" character varying, "image_url" character varying, "created_at" timestamp NOT NULL, "updated_at" timestamp NOT NULL)[0m
  ↳ db/migrate/20190729215535_create_stocks.rb:3
  [1m[36mActiveRecord::SchemaMigration Create (3.0ms)[0m  [1m[32mINSERT INTO "schema_migrations" ("version") VALUES ($1) RETURNING "version"[0m  [["version", "20190729215535"]]
  ↳ /Users/justinhutsell/.rbenv/versions/2.6.1/bin/rake:23
  [1m[35m (0.5ms)[0m  [1m[35mCOMMIT[0m
  ↳ /Users/justinhutsell/.rbenv/versions/2.6.1/bin/rake:23
Migrating to CreateStockCards (20190729215944)
  [1m[35m (0.4ms)[0m  [1m[35mBEGIN[0m
  ↳ /Users/justinhutsell/.rbenv/versions/2.6.1/bin/rake:23
  [1m[35m (17.3ms)[0m  [1m[35mCREATE TABLE "stock_cards" ("id" bigserial primary key, "stock_id" bigint, "watch_list_id" bigint, "created_at" timestamp NOT NULL, "updated_at" timestamp NOT NULL, CONSTRAINT "fk_rails_4ab3cee549"
FOREIGN KEY ("stock_id")
  REFERENCES "stocks" ("id")
, CONSTRAINT "fk_rails_461e7cc613"
FOREIGN KEY ("watch_list_id")
  REFERENCES "watch_lists" ("id")
)[0m
  ↳ db/migrate/20190729215944_create_stock_cards.rb:3
  [1m[35m (0.1ms)[0m  [1m[31mROLLBACK[0m
  ↳ /Users/justinhutsell/.rbenv/versions/2.6.1/bin/rake:23
  [1m[35m (0.2ms)[0m  [1m[34mSELECT pg_advisory_unlock(7011246797279909205)[0m
  ↳ /Users/justinhutsell/.rbenv/versions/2.6.1/bin/rake:23
  [1m[35m (0.2ms)[0m  [1m[34mSELECT pg_try_advisory_lock(7011246797279909205)[0m
  ↳ /Users/justinhutsell/.rbenv/versions/2.6.1/bin/rake:23
  [1m[35m (1.4ms)[0m  [1m[34mSELECT "schema_migrations"."version" FROM "schema_migrations" ORDER BY "schema_migrations"."version" ASC[0m
  ↳ /Users/justinhutsell/.rbenv/versions/2.6.1/bin/rake:23
Migrating to CreateStockCards (20190729215944)
  [1m[35m (0.2ms)[0m  [1m[35mBEGIN[0m
  ↳ /Users/justinhutsell/.rbenv/versions/2.6.1/bin/rake:23
  [1m[35m (8.4ms)[0m  [1m[35mCREATE TABLE "stock_cards" ("id" bigserial primary key, "stock_id" bigint, "watch_list_id" bigint, "created_at" timestamp NOT NULL, "updated_at" timestamp NOT NULL, CONSTRAINT "fk_rails_4ab3cee549"
FOREIGN KEY ("stock_id")
  REFERENCES "stocks" ("id")
, CONSTRAINT "fk_rails_461e7cc613"
FOREIGN KEY ("watch_list_id")
  REFERENCES "watch_lists" ("id")
)[0m
  ↳ db/migrate/20190729215944_create_stock_cards.rb:3
  [1m[35m (0.8ms)[0m  [1m[31mROLLBACK[0m
  ↳ /Users/justinhutsell/.rbenv/versions/2.6.1/bin/rake:23
  [1m[35m (0.4ms)[0m  [1m[34mSELECT pg_advisory_unlock(7011246797279909205)[0m
  ↳ /Users/justinhutsell/.rbenv/versions/2.6.1/bin/rake:23
  [1m[35m (0.1ms)[0m  [1m[34mSELECT pg_try_advisory_lock(7011246797279909205)[0m
  ↳ /Users/justinhutsell/.rbenv/versions/2.6.1/bin/rake:23
  [1m[35m (0.7ms)[0m  [1m[34mSELECT "schema_migrations"."version" FROM "schema_migrations" ORDER BY "schema_migrations"."version" ASC[0m
  ↳ /Users/justinhutsell/.rbenv/versions/2.6.1/bin/rake:23
Migrating to CreateStockCards (20190729215944)
  [1m[35m (0.1ms)[0m  [1m[35mBEGIN[0m
  ↳ /Users/justinhutsell/.rbenv/versions/2.6.1/bin/rake:23
  [1m[35m (6.1ms)[0m  [1m[35mCREATE TABLE "stock_cards" ("id" bigserial primary key, "stock_id" bigint, "watch_list_id" bigint, "created_at" timestamp NOT NULL, "updated_at" timestamp NOT NULL, CONSTRAINT "fk_rails_4ab3cee549"
FOREIGN KEY ("stock_id")
  REFERENCES "stocks" ("id")
, CONSTRAINT "fk_rails_461e7cc613"
FOREIGN KEY ("watch_list_id")
  REFERENCES "watch_lists" ("id")
)[0m
  ↳ db/migrate/20190729215944_create_stock_cards.rb:3
  [1m[35m (0.1ms)[0m  [1m[31mROLLBACK[0m
  ↳ /Users/justinhutsell/.rbenv/versions/2.6.1/bin/rake:23
  [1m[35m (0.2ms)[0m  [1m[34mSELECT pg_advisory_unlock(7011246797279909205)[0m
  ↳ /Users/justinhutsell/.rbenv/versions/2.6.1/bin/rake:23
  [1m[35m (0.2ms)[0m  [1m[34mSELECT pg_try_advisory_lock(7011246797279909205)[0m
  ↳ /Users/justinhutsell/.rbenv/versions/2.6.1/bin/rake:23
  [1m[35m (0.7ms)[0m  [1m[34mSELECT "schema_migrations"."version" FROM "schema_migrations" ORDER BY "schema_migrations"."version" ASC[0m
  ↳ /Users/justinhutsell/.rbenv/versions/2.6.1/bin/rake:23
Migrating to CreateStockCards (20190729215944)
  [1m[35m (0.2ms)[0m  [1m[35mBEGIN[0m
  ↳ /Users/justinhutsell/.rbenv/versions/2.6.1/bin/rake:23
  [1m[35m (7.3ms)[0m  [1m[35mCREATE TABLE "stock_cards" ("id" bigserial primary key, "stock_id" bigint, "watch_list_id" bigint, "created_at" timestamp NOT NULL, "updated_at" timestamp NOT NULL, CONSTRAINT "fk_rails_4ab3cee549"
FOREIGN KEY ("stock_id")
  REFERENCES "stocks" ("id")
, CONSTRAINT "fk_rails_461e7cc613"
FOREIGN KEY ("watch_list_id")
  REFERENCES "watch_lists" ("id")
)[0m
  ↳ db/migrate/20190729215944_create_stock_cards.rb:3
  [1m[35m (0.1ms)[0m  [1m[31mROLLBACK[0m
  ↳ /Users/justinhutsell/.rbenv/versions/2.6.1/bin/rake:23
  [1m[35m (0.2ms)[0m  [1m[34mSELECT pg_advisory_unlock(7011246797279909205)[0m
  ↳ /Users/justinhutsell/.rbenv/versions/2.6.1/bin/rake:23
  [1m[35m (0.2ms)[0m  [1m[34mSELECT pg_try_advisory_lock(7011246797279909205)[0m
  ↳ /Users/justinhutsell/.rbenv/versions/2.6.1/bin/rake:23
  [1m[35m (0.8ms)[0m  [1m[34mSELECT "schema_migrations"."version" FROM "schema_migrations" ORDER BY "schema_migrations"."version" ASC[0m
  ↳ /Users/justinhutsell/.rbenv/versions/2.6.1/bin/rake:23
Migrating to CreateStockCards (20190729215944)
  [1m[35m (0.1ms)[0m  [1m[35mBEGIN[0m
  ↳ /Users/justinhutsell/.rbenv/versions/2.6.1/bin/rake:23
  [1m[35m (11.2ms)[0m  [1m[35mCREATE TABLE "stock_cards" ("id" bigserial primary key, "stock_id" bigint, "watch_list_id" bigint, "created_at" timestamp NOT NULL, "updated_at" timestamp NOT NULL, CONSTRAINT "fk_rails_4ab3cee549"
FOREIGN KEY ("stock_id")
  REFERENCES "stocks" ("id")
, CONSTRAINT "fk_rails_461e7cc613"
FOREIGN KEY ("watch_list_id")
  REFERENCES "watch_lists" ("id")
)[0m
  ↳ db/migrate/20190729215944_create_stock_cards.rb:3
  [1m[35m (0.2ms)[0m  [1m[31mROLLBACK[0m
  ↳ /Users/justinhutsell/.rbenv/versions/2.6.1/bin/rake:23
  [1m[35m (0.2ms)[0m  [1m[34mSELECT pg_advisory_unlock(7011246797279909205)[0m
  ↳ /Users/justinhutsell/.rbenv/versions/2.6.1/bin/rake:23
  [1m[35m (0.2ms)[0m  [1m[34mSELECT pg_try_advisory_lock(7011246797279909205)[0m
  ↳ /Users/justinhutsell/.rbenv/versions/2.6.1/bin/rake:23
  [1m[35m (1.1ms)[0m  [1m[34mSELECT "schema_migrations"."version" FROM "schema_migrations" ORDER BY "schema_migrations"."version" ASC[0m
  ↳ /Users/justinhutsell/.rbenv/versions/2.6.1/bin/rake:23
Migrating to CreateStockCards (20190729215944)
  [1m[35m (0.2ms)[0m  [1m[35mBEGIN[0m
  ↳ /Users/justinhutsell/.rbenv/versions/2.6.1/bin/rake:23
  [1m[35m (13.5ms)[0m  [1m[35mCREATE TABLE "stock_cards" ("id" bigserial primary key, "stock_id" bigint, "watch_list_id" bigint, "created_at" timestamp NOT NULL, "updated_at" timestamp NOT NULL, CONSTRAINT "fk_rails_4ab3cee549"
FOREIGN KEY ("stock_id")
  REFERENCES "stocks" ("id")
, CONSTRAINT "fk_rails_461e7cc613"
FOREIGN KEY ("watch_list_id")
  REFERENCES "watch_lists" ("id")
)[0m
  ↳ db/migrate/20190729215944_create_stock_cards.rb:3
  [1m[35m (0.2ms)[0m  [1m[31mROLLBACK[0m
  ↳ /Users/justinhutsell/.rbenv/versions/2.6.1/bin/rake:23
  [1m[35m (0.2ms)[0m  [1m[34mSELECT pg_advisory_unlock(7011246797279909205)[0m
  ↳ /Users/justinhutsell/.rbenv/versions/2.6.1/bin/rake:23
  [1m[35m (0.1ms)[0m  [1m[34mSELECT pg_try_advisory_lock(7011246797279909205)[0m
  ↳ /Users/justinhutsell/.rbenv/versions/2.6.1/bin/rake:23
  [1m[35m (0.6ms)[0m  [1m[34mSELECT "schema_migrations"."version" FROM "schema_migrations" ORDER BY "schema_migrations"."version" ASC[0m
  ↳ /Users/justinhutsell/.rbenv/versions/2.6.1/bin/rake:23
Migrating to CreateStockCards (20190729215944)
  [1m[35m (0.2ms)[0m  [1m[35mBEGIN[0m
  ↳ /Users/justinhutsell/.rbenv/versions/2.6.1/bin/rake:23
  [1m[35m (8.0ms)[0m  [1m[35mCREATE TABLE "stock_cards" ("id" bigserial primary key, "stock_id" bigint, "watch_list_id" bigint, "created_at" timestamp NOT NULL, "updated_at" timestamp NOT NULL, CONSTRAINT "fk_rails_4ab3cee549"
FOREIGN KEY ("stock_id")
  REFERENCES "stocks" ("id")
, CONSTRAINT "fk_rails_461e7cc613"
FOREIGN KEY ("watch_list_id")
  REFERENCES "watch_lists" ("id")
)[0m
  ↳ db/migrate/20190729215944_create_stock_cards.rb:3
  [1m[35m (0.2ms)[0m  [1m[31mROLLBACK[0m
  ↳ /Users/justinhutsell/.rbenv/versions/2.6.1/bin/rake:23
  [1m[35m (1.3ms)[0m  [1m[34mSELECT pg_advisory_unlock(7011246797279909205)[0m
  ↳ /Users/justinhutsell/.rbenv/versions/2.6.1/bin/rake:23
  [1m[35m (0.8ms)[0m  [1m[34mSELECT "schema_migrations"."version" FROM "schema_migrations" ORDER BY "schema_migrations"."version" ASC[0m
  ↳ bin/rails:9
  [1m[35m (0.7ms)[0m  [1m[34mSELECT "schema_migrations"."version" FROM "schema_migrations" ORDER BY "schema_migrations"."version" ASC[0m
  ↳ bin/rails:9
  [1m[35m (1.0ms)[0m  [1m[34mSELECT "ar_internal_metadata"."value" FROM "ar_internal_metadata" WHERE "ar_internal_metadata"."key" = $1[0m  [["key", "environment"]]
  ↳ bin/rails:9
  [1m[35m (0.7ms)[0m  [1m[34mSELECT "schema_migrations"."version" FROM "schema_migrations" ORDER BY "schema_migrations"."version" ASC[0m
  ↳ /Users/justinhutsell/.rbenv/versions/2.6.1/bin/rake:23
  [1m[35m (0.3ms)[0m  [1m[34mSELECT "ar_internal_metadata"."value" FROM "ar_internal_metadata" WHERE "ar_internal_metadata"."key" = $1[0m  [["key", "environment"]]
  ↳ /Users/justinhutsell/.rbenv/versions/2.6.1/bin/rake:23
  [1m[36mActiveRecord::InternalMetadata Load (1.0ms)[0m  [1m[34mSELECT  "ar_internal_metadata".* FROM "ar_internal_metadata" WHERE "ar_internal_metadata"."key" = $1 LIMIT $2[0m  [["key", "environment"], ["LIMIT", 1]]
  ↳ bin/rails:9
  [1m[35m (0.2ms)[0m  [1m[35mBEGIN[0m
  ↳ bin/rails:9
  [1m[36mActiveRecord::InternalMetadata Create (2.5ms)[0m  [1m[32mINSERT INTO "ar_internal_metadata" ("key", "value", "created_at", "updated_at") VALUES ($1, $2, $3, $4) RETURNING "key"[0m  [["key", "environment"], ["value", "development"], ["created_at", "2019-07-29 22:26:04.546290"], ["updated_at", "2019-07-29 22:26:04.546290"]]
  ↳ bin/rails:9
  [1m[35m (0.6ms)[0m  [1m[35mCOMMIT[0m
  ↳ bin/rails:9
  [1m[35m (0.2ms)[0m  [1m[34mSELECT pg_try_advisory_lock(7011246797279909205)[0m
  ↳ /Users/justinhutsell/.rbenv/versions/2.6.1/bin/rake:23
  [1m[35m (0.6ms)[0m  [1m[34mSELECT "schema_migrations"."version" FROM "schema_migrations" ORDER BY "schema_migrations"."version" ASC[0m
  ↳ /Users/justinhutsell/.rbenv/versions/2.6.1/bin/rake:23
Migrating to CreateStockCards (20190729215944)
  [1m[35m (0.2ms)[0m  [1m[35mBEGIN[0m
  ↳ /Users/justinhutsell/.rbenv/versions/2.6.1/bin/rake:23
  [1m[35m (12.9ms)[0m  [1m[35mCREATE TABLE "stock_cards" ("id" bigserial primary key, "stock_id" bigint, "watch_list_id" bigint, "created_at" timestamp NOT NULL, "updated_at" timestamp NOT NULL, CONSTRAINT "fk_rails_4ab3cee549"
FOREIGN KEY ("stock_id")
  REFERENCES "stocks" ("id")
, CONSTRAINT "fk_rails_461e7cc613"
FOREIGN KEY ("watch_list_id")
  REFERENCES "watch_lists" ("id")
)[0m
  ↳ db/migrate/20190729215944_create_stock_cards.rb:3
  [1m[35m (0.1ms)[0m  [1m[31mROLLBACK[0m
  ↳ /Users/justinhutsell/.rbenv/versions/2.6.1/bin/rake:23
  [1m[35m (0.3ms)[0m  [1m[34mSELECT pg_advisory_unlock(7011246797279909205)[0m
  ↳ /Users/justinhutsell/.rbenv/versions/2.6.1/bin/rake:23
  [1m[35m (0.7ms)[0m  [1m[34mSELECT "schema_migrations"."version" FROM "schema_migrations" ORDER BY "schema_migrations"."version" ASC[0m
  ↳ /Users/justinhutsell/.rbenv/versions/2.6.1/bin/rake:23
  [1m[35m (1.3ms)[0m  [1m[34mSELECT "ar_internal_metadata"."value" FROM "ar_internal_metadata" WHERE "ar_internal_metadata"."key" = $1[0m  [["key", "environment"]]
  ↳ /Users/justinhutsell/.rbenv/versions/2.6.1/bin/rake:23
  [1m[35m (0.2ms)[0m  [1m[34mSELECT "schema_migrations"."version" FROM "schema_migrations" ORDER BY "schema_migrations"."version" ASC[0m
  ↳ /Users/justinhutsell/.rbenv/versions/2.6.1/bin/rake:23
  [1m[35m (0.2ms)[0m  [1m[34mSELECT "ar_internal_metadata"."value" FROM "ar_internal_metadata" WHERE "ar_internal_metadata"."key" = $1[0m  [["key", "environment"]]
  ↳ /Users/justinhutsell/.rbenv/versions/2.6.1/bin/rake:23
  [1m[35m (0.2ms)[0m  [1m[34mSELECT "schema_migrations"."version" FROM "schema_migrations" ORDER BY "schema_migrations"."version" ASC[0m
  ↳ /Users/justinhutsell/.rbenv/versions/2.6.1/bin/rake:23
  [1m[35m (0.1ms)[0m  [1m[34mSELECT "ar_internal_metadata"."value" FROM "ar_internal_metadata" WHERE "ar_internal_metadata"."key" = $1[0m  [["key", "environment"]]
  ↳ /Users/justinhutsell/.rbenv/versions/2.6.1/bin/rake:23
  [1m[35m (217.9ms)[0m  [1m[35mDROP DATABASE IF EXISTS "Stocks_development"[0m
  ↳ /Users/justinhutsell/.rbenv/versions/2.6.1/bin/rake:23
  [1m[35m (225.1ms)[0m  [1m[35mDROP DATABASE IF EXISTS "Stocks_test"[0m
  ↳ /Users/justinhutsell/.rbenv/versions/2.6.1/bin/rake:23
  [1m[35m (501.7ms)[0m  [1m[35mCREATE DATABASE "Stocks_development" ENCODING = 'unicode'[0m
  ↳ /Users/justinhutsell/.rbenv/versions/2.6.1/bin/rake:23
  [1m[35m (376.7ms)[0m  [1m[35mCREATE DATABASE "Stocks_test" ENCODING = 'unicode'[0m
  ↳ /Users/justinhutsell/.rbenv/versions/2.6.1/bin/rake:23
  [1m[35m (29.5ms)[0m  [1m[35mCREATE TABLE "schema_migrations" ("version" character varying NOT NULL PRIMARY KEY)[0m
  ↳ bin/rails:9
  [1m[35m (8.4ms)[0m  [1m[35mCREATE TABLE "ar_internal_metadata" ("key" character varying NOT NULL PRIMARY KEY, "value" character varying, "created_at" timestamp NOT NULL, "updated_at" timestamp NOT NULL)[0m
  ↳ bin/rails:9
  [1m[35m (0.5ms)[0m  [1m[34mSELECT pg_try_advisory_lock(7011246797279909205)[0m
  ↳ bin/rails:9
  [1m[35m (1.4ms)[0m  [1m[34mSELECT "schema_migrations"."version" FROM "schema_migrations" ORDER BY "schema_migrations"."version" ASC[0m
  ↳ bin/rails:9
Migrating to CreateStocks (20190729215535)
  [1m[35m (0.2ms)[0m  [1m[35mBEGIN[0m
  ↳ bin/rails:9
  [1m[35m (9.3ms)[0m  [1m[35mCREATE TABLE "stocks" ("id" bigserial primary key, "symbol" character varying, "sector" character varying, "company_name" character varying, "exchange" character varying, "industry" character varying, "website" character varying, "image_url" character varying, "created_at" timestamp NOT NULL, "updated_at" timestamp NOT NULL)[0m
  ↳ db/migrate/20190729215535_create_stocks.rb:3
  [1m[36mActiveRecord::SchemaMigration Create (0.5ms)[0m  [1m[32mINSERT INTO "schema_migrations" ("version") VALUES ($1) RETURNING "version"[0m  [["version", "20190729215535"]]
  ↳ bin/rails:9
  [1m[35m (0.5ms)[0m  [1m[35mCOMMIT[0m
  ↳ bin/rails:9
Migrating to CreateStockCards (20190729215944)
  [1m[35m (0.5ms)[0m  [1m[35mBEGIN[0m
  ↳ bin/rails:9
  [1m[35m (10.9ms)[0m  [1m[35mCREATE TABLE "stock_cards" ("id" bigserial primary key, "stock_id" bigint, "watch_list_id" bigint, "created_at" timestamp NOT NULL, "updated_at" timestamp NOT NULL, CONSTRAINT "fk_rails_4ab3cee549"
FOREIGN KEY ("stock_id")
  REFERENCES "stocks" ("id")
, CONSTRAINT "fk_rails_461e7cc613"
FOREIGN KEY ("watch_list_id")
  REFERENCES "watch_lists" ("id")
)[0m
  ↳ db/migrate/20190729215944_create_stock_cards.rb:3
  [1m[35m (0.2ms)[0m  [1m[31mROLLBACK[0m
  ↳ bin/rails:9
  [1m[35m (0.3ms)[0m  [1m[34mSELECT pg_advisory_unlock(7011246797279909205)[0m
  ↳ bin/rails:9
  [1m[35m (0.2ms)[0m  [1m[34mSELECT pg_try_advisory_lock(7011246797279909205)[0m
  ↳ /Users/justinhutsell/.rbenv/versions/2.6.1/bin/rake:23
  [1m[35m (0.8ms)[0m  [1m[34mSELECT "schema_migrations"."version" FROM "schema_migrations" ORDER BY "schema_migrations"."version" ASC[0m
  ↳ /Users/justinhutsell/.rbenv/versions/2.6.1/bin/rake:23
Migrating to CreateStockCards (20190729215944)
  [1m[35m (0.2ms)[0m  [1m[35mBEGIN[0m
  ↳ /Users/justinhutsell/.rbenv/versions/2.6.1/bin/rake:23
  [1m[35m (6.1ms)[0m  [1m[35mCREATE TABLE "stock_cards" ("id" bigserial primary key, "stock_id" bigint, "watch_list_id" bigint, "created_at" timestamp NOT NULL, "updated_at" timestamp NOT NULL, CONSTRAINT "fk_rails_4ab3cee549"
FOREIGN KEY ("stock_id")
  REFERENCES "stocks" ("id")
, CONSTRAINT "fk_rails_461e7cc613"
FOREIGN KEY ("watch_list_id")
  REFERENCES "watch_lists" ("id")
)[0m
  ↳ db/migrate/20190729215944_create_stock_cards.rb:3
  [1m[35m (0.1ms)[0m  [1m[31mROLLBACK[0m
  ↳ /Users/justinhutsell/.rbenv/versions/2.6.1/bin/rake:23
  [1m[35m (1.4ms)[0m  [1m[34mSELECT pg_advisory_unlock(7011246797279909205)[0m
  ↳ /Users/justinhutsell/.rbenv/versions/2.6.1/bin/rake:23
  [1m[35m (0.2ms)[0m  [1m[34mSELECT pg_try_advisory_lock(7011246797279909205)[0m
  ↳ bin/rails:9
  [1m[35m (1.6ms)[0m  [1m[34mSELECT "schema_migrations"."version" FROM "schema_migrations" ORDER BY "schema_migrations"."version" ASC[0m
  ↳ bin/rails:9
Migrating to CreateStockCards (20190729215944)
  [1m[35m (0.2ms)[0m  [1m[35mBEGIN[0m
  ↳ bin/rails:9
  [1m[35m (18.1ms)[0m  [1m[35mCREATE TABLE "stock_cards" ("id" bigserial primary key, "stock_id" bigint, "watch_list_id" bigint, "created_at" timestamp NOT NULL, "updated_at" timestamp NOT NULL, CONSTRAINT "fk_rails_4ab3cee549"
FOREIGN KEY ("stock_id")
  REFERENCES "stocks" ("id")
, CONSTRAINT "fk_rails_461e7cc613"
FOREIGN KEY ("watch_list_id")
  REFERENCES "watch_lists" ("id")
)[0m
  ↳ db/migrate/20190729215944_create_stock_cards.rb:3
  [1m[35m (0.2ms)[0m  [1m[31mROLLBACK[0m
  ↳ bin/rails:9
  [1m[35m (0.2ms)[0m  [1m[34mSELECT pg_advisory_unlock(7011246797279909205)[0m
  ↳ bin/rails:9
  [1m[35m (0.2ms)[0m  [1m[34mSELECT pg_try_advisory_lock(7011246797279909205)[0m
  ↳ bin/rails:9
  [1m[35m (0.7ms)[0m  [1m[34mSELECT "schema_migrations"."version" FROM "schema_migrations" ORDER BY "schema_migrations"."version" ASC[0m
  ↳ bin/rails:9
Migrating to CreateWatchLists (20190729220112)
  [1m[35m (0.2ms)[0m  [1m[35mBEGIN[0m
  ↳ bin/rails:9
  [1m[35m (7.1ms)[0m  [1m[35mCREATE TABLE "watch_lists" ("id" bigserial primary key, "name" character varying, "created_at" timestamp NOT NULL, "updated_at" timestamp NOT NULL)[0m
  ↳ db/migrate/20190729220112_create_watch_lists.rb:3
  [1m[36mActiveRecord::SchemaMigration Create (0.4ms)[0m  [1m[32mINSERT INTO "schema_migrations" ("version") VALUES ($1) RETURNING "version"[0m  [["version", "20190729220112"]]
  ↳ bin/rails:9
  [1m[35m (0.5ms)[0m  [1m[35mCOMMIT[0m
  ↳ bin/rails:9
Migrating to CreateUsers (20190729220138)
  [1m[35m (0.3ms)[0m  [1m[35mBEGIN[0m
  ↳ bin/rails:9
  [1m[35m (11.1ms)[0m  [1m[35mCREATE TABLE "users" ("id" bigserial primary key, "name" character varying, "created_at" timestamp NOT NULL, "updated_at" timestamp NOT NULL)[0m
  ↳ db/migrate/20190729220138_create_users.rb:3
  [1m[36mActiveRecord::SchemaMigration Create (0.4ms)[0m  [1m[32mINSERT INTO "schema_migrations" ("version") VALUES ($1) RETURNING "version"[0m  [["version", "20190729220138"]]
  ↳ bin/rails:9
  [1m[35m (0.4ms)[0m  [1m[35mCOMMIT[0m
  ↳ bin/rails:9
  [1m[36mActiveRecord::InternalMetadata Load (0.8ms)[0m  [1m[34mSELECT  "ar_internal_metadata".* FROM "ar_internal_metadata" WHERE "ar_internal_metadata"."key" = $1 LIMIT $2[0m  [["key", "environment"], ["LIMIT", 1]]
  ↳ bin/rails:9
  [1m[35m (0.2ms)[0m  [1m[35mBEGIN[0m
  ↳ bin/rails:9
  [1m[36mActiveRecord::InternalMetadata Create (0.6ms)[0m  [1m[32mINSERT INTO "ar_internal_metadata" ("key", "value", "created_at", "updated_at") VALUES ($1, $2, $3, $4) RETURNING "key"[0m  [["key", "environment"], ["value", "development"], ["created_at", "2019-07-29 22:29:51.174482"], ["updated_at", "2019-07-29 22:29:51.174482"]]
  ↳ bin/rails:9
  [1m[35m (0.3ms)[0m  [1m[35mCOMMIT[0m
  ↳ bin/rails:9
  [1m[35m (0.3ms)[0m  [1m[34mSELECT pg_advisory_unlock(7011246797279909205)[0m
  ↳ bin/rails:9
  [1m[35m (0.3ms)[0m  [1m[34mSELECT "schema_migrations"."version" FROM "schema_migrations" ORDER BY "schema_migrations"."version" ASC[0m
  ↳ bin/rails:9
  [1m[35m (0.2ms)[0m  [1m[34mSELECT pg_try_advisory_lock(7011246797279909205)[0m
  ↳ bin/rails:9
  [1m[35m (0.8ms)[0m  [1m[34mSELECT "schema_migrations"."version" FROM "schema_migrations" ORDER BY "schema_migrations"."version" ASC[0m
  ↳ bin/rails:9
Migrating to CreateStockCards (20190729223057)
  [1m[35m (0.2ms)[0m  [1m[35mBEGIN[0m
  ↳ bin/rails:9
  [1m[35m (13.5ms)[0m  [1m[35mCREATE TABLE "stock_cards" ("id" bigserial primary key, "stock_id" bigint, "watch_list_id" bigint, "created_at" timestamp NOT NULL, "updated_at" timestamp NOT NULL, CONSTRAINT "fk_rails_4ab3cee549"
FOREIGN KEY ("stock_id")
  REFERENCES "stocks" ("id")
, CONSTRAINT "fk_rails_461e7cc613"
FOREIGN KEY ("watch_list_id")
  REFERENCES "watch_lists" ("id")
)[0m
  ↳ db/migrate/20190729223057_create_stock_cards.rb:3
  [1m[35m (3.3ms)[0m  [1m[35mCREATE  INDEX  "index_stock_cards_on_stock_id" ON "stock_cards"  ("stock_id")[0m
  ↳ db/migrate/20190729223057_create_stock_cards.rb:3
  [1m[35m (1.0ms)[0m  [1m[35mCREATE  INDEX  "index_stock_cards_on_watch_list_id" ON "stock_cards"  ("watch_list_id")[0m
  ↳ db/migrate/20190729223057_create_stock_cards.rb:3
  [1m[36mActiveRecord::SchemaMigration Create (0.4ms)[0m  [1m[32mINSERT INTO "schema_migrations" ("version") VALUES ($1) RETURNING "version"[0m  [["version", "20190729223057"]]
  ↳ bin/rails:9
  [1m[35m (0.8ms)[0m  [1m[35mCOMMIT[0m
  ↳ bin/rails:9
  [1m[36mActiveRecord::InternalMetadata Load (5.6ms)[0m  [1m[34mSELECT  "ar_internal_metadata".* FROM "ar_internal_metadata" WHERE "ar_internal_metadata"."key" = $1 LIMIT $2[0m  [["key", "environment"], ["LIMIT", 1]]
  ↳ bin/rails:9
  [1m[35m (0.1ms)[0m  [1m[35mBEGIN[0m
  ↳ bin/rails:9
  [1m[35m (0.2ms)[0m  [1m[35mCOMMIT[0m
  ↳ bin/rails:9
  [1m[35m (0.3ms)[0m  [1m[34mSELECT pg_advisory_unlock(7011246797279909205)[0m
  ↳ bin/rails:9
  [1m[35m (0.2ms)[0m  [1m[34mSELECT "schema_migrations"."version" FROM "schema_migrations" ORDER BY "schema_migrations"."version" ASC[0m
  ↳ bin/rails:9
